<html>
<head>
<title>TestNG:  Default test</title>
<link href="../testng.css" rel="stylesheet" type="text/css" />
<link href="../my-testng.css" rel="stylesheet" type="text/css" />

<style type="text/css">
.log { display: none;} 
.stack-trace { display: none;} 
</style>
<script type="text/javascript">
<!--
function flip(e) {
  current = e.style.display;
  if (current == 'block') {
    e.style.display = 'none';
    return 0;
  }
  else {
    e.style.display = 'block';
    return 1;
  }
}

function toggleBox(szDivId, elem, msg1, msg2)
{
  var res = -1;  if (document.getElementById) {
    res = flip(document.getElementById(szDivId));
  }
  else if (document.all) {
    // this is the way old msie versions work
    res = flip(document.all[szDivId]);
  }
  if(elem) {
    if(res == 0) elem.innerHTML = msg1; else elem.innerHTML = msg2;
  }

}

function toggleAllBoxes() {
  if (document.getElementsByTagName) {
    d = document.getElementsByTagName('div');
    for (i = 0; i < d.length; i++) {
      if (d[i].className == 'log') {
        flip(d[i]);
      }
    }
  }
}

// -->
</script>

</head>
<body>
<h2 align='center'>Default test</h2><table border='1' align="center">
<tr>
<td>Tests passed/Failed/Skipped:</td><td>8/4/0</td>
</tr><tr>
<td>Started on:</td><td>Mon Jul 10 15:54:16 IST 2023</td>
</tr>
<tr><td>Total time:</td><td>98 seconds (98878 ms)</td>
</tr><tr>
<td>Included groups:</td><td></td>
</tr><tr>
<td>Excluded groups:</td><td></td>
</tr>
</table><p/>
<small><i>(Hover the method name to see the test class name)</i></small><p/>
<table width='100%' border='1' class='invocation-failed'>
<tr><td colspan='4' align='center'><b>FAILED TESTS</b></td></tr>
<tr><td><b>Test method</b></td>
<td><b>Attribute(s)</b></td>
<td width="30%"><b>Exception</b></td>
<td width="10%"><b>Time (seconds)</b></td>
<td><b>Instance</b></td>
</tr>
<tr>
<td title='runner.Runner.runScenario()'><b>runScenario</b><br>Test class: runner.Runner<br>Test method: Runs Cucumber Scenarios<br>Parameters: "User should be able to search for products in search text field", "Search Functionality"</td>
<td><div><pre>java.lang.AssertionError: null
	at org.testng.Assert.fail(Assert.java:110)
	at org.testng.Assert.fail(Assert.java:115)
	at stepdefinitions.Search.user_enters_valid_product_in_search_text_field(Search.java:28)
	at ✽.User enters valid product &quot;HP&quot; in search text field(file:///C:/Users/ArchitKG/eclipse-workspace/BddWorkspace/DemoBDDProject/src/test/resources/features/Search.feature:6)
</pre></div><a href='#' onClick='toggleBox("stack-trace583593544", this, "Click to show all stack frames", "Click to hide stack frames")'>Click to show all stack frames</a>
<div class='stack-trace' id='stack-trace583593544'><pre>java.lang.AssertionError: null
	at org.testng.Assert.fail(Assert.java:110)
	at org.testng.Assert.fail(Assert.java:115)
	at stepdefinitions.Search.user_enters_valid_product_in_search_text_field(Search.java:28)
	at ✽.User enters valid product &quot;HP&quot; in search text field(file:///C:/Users/ArchitKG/eclipse-workspace/BddWorkspace/DemoBDDProject/src/test/resources/features/Search.feature:6)
</pre></div></td>
<td>3</td>
<td>runner.Runner@16eb3ea3</td></tr>
<tr>
<td title='runner.Runner.runScenario()'><b>runScenario</b><br>Test class: runner.Runner<br>Test method: Runs Cucumber Scenarios<br>Parameters: "User should be able to register with mandatory fields", "Register Functionality"</td>
<td><div><pre>java.lang.AssertionError: null
	at org.testng.Assert.fail(Assert.java:110)
	at org.testng.Assert.fail(Assert.java:115)
	at stepdefinitions.Register.user_should_click_on_terms_and_conditions_check_box_option(Register.java:71)
	at ✽.User should click on Terms and Conditions check-box option(file:///C:/Users/ArchitKG/eclipse-workspace/BddWorkspace/DemoBDDProject/src/test/resources/features/Register.feature:12)
</pre></div><a href='#' onClick='toggleBox("stack-trace1227612217", this, "Click to show all stack frames", "Click to hide stack frames")'>Click to show all stack frames</a>
<div class='stack-trace' id='stack-trace1227612217'><pre>java.lang.AssertionError: null
	at org.testng.Assert.fail(Assert.java:110)
	at org.testng.Assert.fail(Assert.java:115)
	at stepdefinitions.Register.user_should_click_on_terms_and_conditions_check_box_option(Register.java:71)
	at ✽.User should click on Terms and Conditions check-box option(file:///C:/Users/ArchitKG/eclipse-workspace/BddWorkspace/DemoBDDProject/src/test/resources/features/Register.feature:12)
</pre></div></td>
<td>7</td>
<td>runner.Runner@16eb3ea3</td></tr>
<tr>
<td title='runner.Runner.runScenario()'><b>runScenario</b><br>Test class: runner.Runner<br>Test method: Runs Cucumber Scenarios<br>Parameters: "User should register with existing email address", "Register Functionality"</td>
<td><div><pre>java.lang.AssertionError: null
	at org.testng.Assert.fail(Assert.java:110)
	at org.testng.Assert.fail(Assert.java:115)
	at stepdefinitions.Register.user_should_click_on_terms_and_conditions_check_box_option(Register.java:71)
	at ✽.User should click on Terms and Conditions check-box option(file:///C:/Users/ArchitKG/eclipse-workspace/BddWorkspace/DemoBDDProject/src/test/resources/features/Register.feature:49)
</pre></div><a href='#' onClick='toggleBox("stack-trace294116482", this, "Click to show all stack frames", "Click to hide stack frames")'>Click to show all stack frames</a>
<div class='stack-trace' id='stack-trace294116482'><pre>java.lang.AssertionError: null
	at org.testng.Assert.fail(Assert.java:110)
	at org.testng.Assert.fail(Assert.java:115)
	at stepdefinitions.Register.user_should_click_on_terms_and_conditions_check_box_option(Register.java:71)
	at ✽.User should click on Terms and Conditions check-box option(file:///C:/Users/ArchitKG/eclipse-workspace/BddWorkspace/DemoBDDProject/src/test/resources/features/Register.feature:49)
</pre></div></td>
<td>7</td>
<td>runner.Runner@16eb3ea3</td></tr>
<tr>
<td title='runner.Runner.runScenario()'><b>runScenario</b><br>Test class: runner.Runner<br>Test method: Runs Cucumber Scenarios<br>Parameters: "User should register with all fields", "Register Functionality"</td>
<td><div><pre>java.lang.AssertionError: null
	at org.testng.Assert.fail(Assert.java:110)
	at org.testng.Assert.fail(Assert.java:115)
	at stepdefinitions.Register.user_should_click_on_terms_and_conditions_check_box_option(Register.java:71)
	at ✽.User should click on Terms and Conditions check-box option(file:///C:/Users/ArchitKG/eclipse-workspace/BddWorkspace/DemoBDDProject/src/test/resources/features/Register.feature:26)
</pre></div><a href='#' onClick='toggleBox("stack-trace1214498988", this, "Click to show all stack frames", "Click to hide stack frames")'>Click to show all stack frames</a>
<div class='stack-trace' id='stack-trace1214498988'><pre>java.lang.AssertionError: null
	at org.testng.Assert.fail(Assert.java:110)
	at org.testng.Assert.fail(Assert.java:115)
	at stepdefinitions.Register.user_should_click_on_terms_and_conditions_check_box_option(Register.java:71)
	at ✽.User should click on Terms and Conditions check-box option(file:///C:/Users/ArchitKG/eclipse-workspace/BddWorkspace/DemoBDDProject/src/test/resources/features/Register.feature:26)
</pre></div></td>
<td>7</td>
<td>runner.Runner@16eb3ea3</td></tr>
</table><p>
<table width='100%' border='1' class='invocation-passed'>
<tr><td colspan='4' align='center'><b>PASSED TESTS</b></td></tr>
<tr><td><b>Test method</b></td>
<td><b>Attribute(s)</b></td>
<td width="30%"><b>Exception</b></td>
<td width="10%"><b>Time (seconds)</b></td>
<td><b>Instance</b></td>
</tr>
<tr>
<td title='runner.Runner.runScenario()'><b>runScenario</b><br>Test class: runner.Runner<br>Test method: Runs Cucumber Scenarios<br>Parameters: "User should login with valid email and invalid password", "Login Functionality"</td>
<td></td>
<td>9</td>
<td>runner.Runner@16eb3ea3</td></tr>
<tr>
<td title='runner.Runner.runScenario()'><b>runScenario</b><br>Test class: runner.Runner<br>Test method: Runs Cucumber Scenarios<br>Parameters: "User should login with invalid email and valid password", "Login Functionality"</td>
<td></td>
<td>9</td>
<td>runner.Runner@16eb3ea3</td></tr>
<tr>
<td title='runner.Runner.runScenario()'><b>runScenario</b><br>Test class: runner.Runner<br>Test method: Runs Cucumber Scenarios<br>Parameters: "User should login without any credentials", "Login Functionality"</td>
<td></td>
<td>10</td>
<td>runner.Runner@16eb3ea3</td></tr>
<tr>
<td title='runner.Runner.runScenario()'><b>runScenario</b><br>Test class: runner.Runner<br>Test method: Runs Cucumber Scenarios<br>Parameters: "User should be able to login with valid credentials", "Login Functionality"</td>
<td></td>
<td>12</td>
<td>runner.Runner@16eb3ea3</td></tr>
<tr>
<td title='runner.Runner.runScenario()'><b>runScenario</b><br>Test class: runner.Runner<br>Test method: Runs Cucumber Scenarios<br>Parameters: "User should regsiter without providing mandatory fields", "Register Functionality"</td>
<td></td>
<td>11</td>
<td>runner.Runner@16eb3ea3</td></tr>
<tr>
<td title='runner.Runner.runScenario()'><b>runScenario</b><br>Test class: runner.Runner<br>Test method: Runs Cucumber Scenarios<br>Parameters: "User should search for product without entering any products in search text filed", "Search Functionality"</td>
<td></td>
<td>4</td>
<td>runner.Runner@16eb3ea3</td></tr>
<tr>
<td title='runner.Runner.runScenario()'><b>runScenario</b><br>Test class: runner.Runner<br>Test method: Runs Cucumber Scenarios<br>Parameters: "User should searches for an invalid products in search text field", "Search Functionality"</td>
<td></td>
<td>3</td>
<td>runner.Runner@16eb3ea3</td></tr>
<tr>
<td title='runner.Runner.runScenario()'><b>runScenario</b><br>Test class: runner.Runner<br>Test method: Runs Cucumber Scenarios<br>Parameters: "User should login with invalid credentials", "Login Functionality"</td>
<td></td>
<td>9</td>
<td>runner.Runner@16eb3ea3</td></tr>
</table><p>
</body>
</html>