<?xml version="1.0" encoding="UTF-8"?>
<!-- Generated by org.testng.reporters.JUnitXMLReporter -->
<testsuite ignored="0" hostname="MONO-HYD-LAP15" failures="4" tests="14" name="Command line test" time="120.15" errors="0" timestamp="2023-07-12T12:18:23 IST">
  <testcase classname="io.cucumber.testng.AbstractTestNGCucumberTests" name="runScenario" time="12.777"/>
  <testcase classname="io.cucumber.testng.AbstractTestNGCucumberTests" name="runScenario" time="9.972"/>
  <testcase classname="io.cucumber.testng.AbstractTestNGCucumberTests" name="runScenario" time="13.122"/>
  <testcase classname="io.cucumber.testng.AbstractTestNGCucumberTests" name="runScenario" time="9.481"/>
  <testcase classname="io.cucumber.testng.AbstractTestNGCucumberTests" name="runScenario" time="9.476"/>
  <testcase classname="io.cucumber.testng.AbstractTestNGCucumberTests" name="runScenario" time="9.651"/>
  <testcase classname="io.cucumber.testng.AbstractTestNGCucumberTests" name="runScenario" time="9.679"/>
  <testcase classname="io.cucumber.testng.AbstractTestNGCucumberTests" name="runScenario" time="7.828">
    <failure type="java.lang.AssertionError" message="null">
      <![CDATA[java.lang.AssertionError: null
at stepdefinitions.Register.user_should_click_on_terms_and_conditions_check_box_option(Register.java:71)
at ✽.User should click on Terms and Conditions check-box option(file:///C:/Users/ArchitKG/eclipse-workspace/BddWorkspace/DemoBDDProject/src/test/resources/features/Register.feature:12)
... Removed 2 stack frames]]>
    </failure>
  </testcase> <!-- runScenario -->
  <testcase classname="io.cucumber.testng.AbstractTestNGCucumberTests" name="runScenario" time="7.545">
    <failure type="java.lang.AssertionError" message="null">
      <![CDATA[java.lang.AssertionError: null
at stepdefinitions.Register.user_should_click_on_terms_and_conditions_check_box_option(Register.java:71)
at ✽.User should click on Terms and Conditions check-box option(file:///C:/Users/ArchitKG/eclipse-workspace/BddWorkspace/DemoBDDProject/src/test/resources/features/Register.feature:26)
... Removed 2 stack frames]]>
    </failure>
  </testcase> <!-- runScenario -->
  <testcase classname="io.cucumber.testng.AbstractTestNGCucumberTests" name="runScenario" time="10.911"/>
  <testcase classname="io.cucumber.testng.AbstractTestNGCucumberTests" name="runScenario" time="7.621">
    <failure type="java.lang.AssertionError" message="null">
      <![CDATA[java.lang.AssertionError: null
at stepdefinitions.Register.user_should_click_on_terms_and_conditions_check_box_option(Register.java:71)
at ✽.User should click on Terms and Conditions check-box option(file:///C:/Users/ArchitKG/eclipse-workspace/BddWorkspace/DemoBDDProject/src/test/resources/features/Register.feature:49)
... Removed 2 stack frames]]>
    </failure>
  </testcase> <!-- runScenario -->
  <testcase classname="io.cucumber.testng.AbstractTestNGCucumberTests" name="runScenario" time="3.557">
    <failure type="java.lang.AssertionError" message="null">
      <![CDATA[java.lang.AssertionError: null
at stepdefinitions.Search.user_enters_valid_product_in_search_text_field(Search.java:28)
at ✽.User enters valid product "HP" in search text field(file:///C:/Users/ArchitKG/eclipse-workspace/BddWorkspace/DemoBDDProject/src/test/resources/features/Search.feature:6)
... Removed 2 stack frames]]>
    </failure>
  </testcase> <!-- runScenario -->
  <testcase classname="io.cucumber.testng.AbstractTestNGCucumberTests" name="runScenario" time="3.574"/>
  <testcase classname="io.cucumber.testng.AbstractTestNGCucumberTests" name="runScenario" time="4.143"/>
</testsuite> <!-- Command line test -->
