<?xml version="1.0" encoding="UTF-8"?>
<!-- Generated by org.testng.reporters.JUnitReportReporter -->
<testsuite hostname="MONO-HYD-LAP15" failures="4" tests="12" name="runner.Runner" time="98.054" errors="0" timestamp="2023-07-10T15:55:55 IST" skipped="0">
  <testcase classname="runner.Runner" name="runScenario" time="9.848"/>
  <system-out/>
  <testcase classname="runner.Runner" name="runScenario" time="3.693">
    <failure message="null" type="java.lang.AssertionError">
      <![CDATA[java.lang.AssertionError: null
at org.testng.Assert.fail(Assert.java:110)
at org.testng.Assert.fail(Assert.java:115)
at stepdefinitions.Search.user_enters_valid_product_in_search_text_field(Search.java:28)
at ✽.User enters valid product "HP" in search text field(file:///C:/Users/ArchitKG/eclipse-workspace/BddWorkspace/DemoBDDProject/src/test/resources/features/Search.feature:6)
]]>
    </failure>
  </testcase> <!-- runScenario -->
  <system-out/>
  <testcase classname="runner.Runner" name="runScenario" time="9.355"/>
  <system-out/>
  <testcase classname="runner.Runner" name="runScenario" time="7.667">
    <failure message="null" type="java.lang.AssertionError">
      <![CDATA[java.lang.AssertionError: null
at org.testng.Assert.fail(Assert.java:110)
at org.testng.Assert.fail(Assert.java:115)
at stepdefinitions.Register.user_should_click_on_terms_and_conditions_check_box_option(Register.java:71)
at ✽.User should click on Terms and Conditions check-box option(file:///C:/Users/ArchitKG/eclipse-workspace/BddWorkspace/DemoBDDProject/src/test/resources/features/Register.feature:12)
]]>
    </failure>
  </testcase> <!-- runScenario -->
  <system-out/>
  <testcase classname="runner.Runner" name="runScenario" time="7.632">
    <failure message="null" type="java.lang.AssertionError">
      <![CDATA[java.lang.AssertionError: null
at org.testng.Assert.fail(Assert.java:110)
at org.testng.Assert.fail(Assert.java:115)
at stepdefinitions.Register.user_should_click_on_terms_and_conditions_check_box_option(Register.java:71)
at ✽.User should click on Terms and Conditions check-box option(file:///C:/Users/ArchitKG/eclipse-workspace/BddWorkspace/DemoBDDProject/src/test/resources/features/Register.feature:49)
]]>
    </failure>
  </testcase> <!-- runScenario -->
  <system-out/>
  <testcase classname="runner.Runner" name="runScenario" time="10.176"/>
  <system-out/>
  <testcase classname="runner.Runner" name="runScenario" time="12.833"/>
  <system-out/>
  <testcase classname="runner.Runner" name="runScenario" time="11.177"/>
  <system-out/>
  <testcase classname="runner.Runner" name="runScenario" time="4.113"/>
  <system-out/>
  <testcase classname="runner.Runner" name="runScenario" time="3.832"/>
  <system-out/>
  <testcase classname="runner.Runner" name="runScenario" time="9.838"/>
  <system-out/>
  <testcase classname="runner.Runner" name="runScenario" time="7.890">
    <failure message="null" type="java.lang.AssertionError">
      <![CDATA[java.lang.AssertionError: null
at org.testng.Assert.fail(Assert.java:110)
at org.testng.Assert.fail(Assert.java:115)
at stepdefinitions.Register.user_should_click_on_terms_and_conditions_check_box_option(Register.java:71)
at ✽.User should click on Terms and Conditions check-box option(file:///C:/Users/ArchitKG/eclipse-workspace/BddWorkspace/DemoBDDProject/src/test/resources/features/Register.feature:26)
]]>
    </failure>
  </testcase> <!-- runScenario -->
  <system-out/>
</testsuite> <!-- runner.Runner -->
